<component name="ArtifactManager">
  <artifact type="war" name="junitStudy:war">
    <output-path>$PROJECT_DIR$/target</output-path>
    <properties id="maven-jee-properties">
      <options>
        <module>junitStudy</module>
        <packaging>war</packaging>
      </options>
    </properties>
    <root id="archive" name="junitStudy-1.0-SNAPSHOT.war">
      <element id="artifact" artifact-name="junitStudy:war exploded" />
    </root>
  </artifact>
</component>